Arguments: 
  /Users/user/.nvm/versions/node/v12.16.2/bin/node /Users/user/.nvm/versions/node/v12.16.2/bin/yarn start

PATH: 
  /Users/user/.jenv/shims:/Users/user/.jenv/bin:/Users/user/.pyenv/shims:/Users/user/.nvm/versions/node/v12.16.2/bin:/usr/local/bin:/usr/bin:/bin:/usr/sbin:/sbin:/Library/Apple/usr/bin:/Users/user/workspace/ygun-lee/NestJS/nest-gql-ts/node_modules/.bin:/usr/local/opt/mongodb-community@3.4/bin

Yarn version: 
  1.22.4

Node version: 
  12.16.2

Platform: 
  darwin x64

Trace: 
  SyntaxError: /Users/user/workspace/ygun-lee/NestJS/nest-gql-ts/package.json: Unexpected token / in JSON at position 336
      at JSON.parse (<anonymous>)
      at /Users/user/.nvm/versions/node/v12.16.2/lib/node_modules/yarn/lib/cli.js:1625:59
      at Generator.next (<anonymous>)
      at step (/Users/user/.nvm/versions/node/v12.16.2/lib/node_modules/yarn/lib/cli.js:310:30)
      at /Users/user/.nvm/versions/node/v12.16.2/lib/node_modules/yarn/lib/cli.js:321:13

npm manifest: 
  {
    "name": "business-owner-monorepo",
    "version": "1.0.0",
    "description": "monorepo with Yarn Workspaces + Lerna - BE: NestJS",
    "scripts": {
      "prebuild": "rimraf dist",
      "build": "nest build",
      "format": "prettier --write \\\"packages/api-server/src/**/*.ts\\\" \\\"test/**/*.ts\\\"",
      "start": "lerna run start:dev",
  //    "start:dev": "nest start --watch",
  //    "start:debug": "nest start --debug --watch",
      "start:prod": "node dist/main",
      "lint": "eslint '{src,apps,libs,test}/**/*.ts' --fix",
      "test": "jest",
      "test:watch": "jest --watch",
      "test:cov": "jest --coverage",
      "test:debug": "node --inspect-brk -r tsconfig-paths/register -r ts-node/register node_modules/.bin/jest --runInBand",
      "test:e2e": "echo 'No e2e tests implemented yet.'"
    },
    "private": true,
    "workspaces": [
      "packages/*"
    ],
    "dependencies": {
    },
    "devDependencies": {
      "@types/express": "4.17.11",
      "@types/node": "14.14.21",
      "@types/supertest": "2.0.10",
      "@typescript-eslint/eslint-plugin": "4.14.0",
      "@typescript-eslint/parser": "4.14.0",
      "eslint": "7.18.0",
      "eslint-config-prettier": "7.1.0",
      "eslint-plugin-import": "2.22.1",
      "jest": "26.6.3",
      "lerna": "^3.22.1",
      "prettier": "2.2.1",
      "supertest": "6.1.1",
      "ts-jest": "26.4.4",
      "ts-loader": "8.0.14",
      "ts-node": "9.1.1",
      "tsconfig-paths": "3.9.0",
      "typescript": "4.1.3"
    }
  }

yarn manifest: 
  No manifest

Lockfile: 
  No lockfile
